2018-12-14T17:11:38.340Z - error: uncaughtException: require(...).init is not a function date=Fri Dec 14 2018 14:11:38 GMT-0300 (-03), pid=83143, uid=501, gid=20, cwd=/Users/npickelny/Projects/Increase/hackaton/YiServer, execPath=/usr/local/Cellar/node/9.11.1/bin/node, version=v9.11.1, argv=[/usr/local/Cellar/node/9.11.1/bin/node, /Users/npickelny/Projects/Increase/hackaton/YiServer/server.js], rss=41209856, heapTotal=22446080, heapUsed=16163936, external=896669, loadavg=[3.65283203125, 2.875, 2.4833984375], uptime=2407787
TypeError: require(...).init is not a function
    at _.each.filePath (/Users/npickelny/Projects/Increase/hackaton/YiServer/app/routes/Router.js:12:34)
    at arrayEach (/Users/npickelny/Projects/Increase/hackaton/YiServer/node_modules/lodash/lodash.js:516:11)
    at Function.forEach (/Users/npickelny/Projects/Increase/hackaton/YiServer/node_modules/lodash/lodash.js:9344:14)
    at Router.initializeApp (/Users/npickelny/Projects/Increase/hackaton/YiServer/app/routes/Router.js:10:7)
    at Object.<anonymous> (/Users/npickelny/Projects/Increase/hackaton/YiServer/App.js:13:8)
    at Module._compile (internal/modules/cjs/loader.js:654:30)
    at Object.Module._extensions..js (internal/modules/cjs/loader.js:665:10)
    at Module.load (internal/modules/cjs/loader.js:566:32)
    at tryModuleLoad (internal/modules/cjs/loader.js:506:12)
    at Function.Module._load (internal/modules/cjs/loader.js:498:3)
    at Module.require (internal/modules/cjs/loader.js:598:17)
    at require (internal/modules/cjs/helpers.js:11:18)
    at Object.<anonymous> (/Users/npickelny/Projects/Increase/hackaton/YiServer/server.js:4:11)
    at Module._compile (internal/modules/cjs/loader.js:654:30)
    at Object.Module._extensions..js (internal/modules/cjs/loader.js:665:10)
    at Module.load (internal/modules/cjs/loader.js:566:32)
2018-12-14T17:12:24.674Z - error: uncaughtException: require(...).init is not a function date=Fri Dec 14 2018 14:12:24 GMT-0300 (-03), pid=83157, uid=501, gid=20, cwd=/Users/npickelny/Projects/Increase/hackaton/YiServer, execPath=/usr/local/Cellar/node/9.11.1/bin/node, version=v9.11.1, argv=[/usr/local/Cellar/node/9.11.1/bin/node, /Users/npickelny/Projects/Increase/hackaton/YiServer/server.js], rss=41091072, heapTotal=22446080, heapUsed=16163864, external=916675, loadavg=[2.8291015625, 2.765625, 2.462890625], uptime=2407833
TypeError: require(...).init is not a function
    at _.each.filePath (/Users/npickelny/Projects/Increase/hackaton/YiServer/app/routes/Router.js:12:34)
    at arrayEach (/Users/npickelny/Projects/Increase/hackaton/YiServer/node_modules/lodash/lodash.js:516:11)
    at Function.forEach (/Users/npickelny/Projects/Increase/hackaton/YiServer/node_modules/lodash/lodash.js:9344:14)
    at Router.initializeApp (/Users/npickelny/Projects/Increase/hackaton/YiServer/app/routes/Router.js:10:7)
    at Object.<anonymous> (/Users/npickelny/Projects/Increase/hackaton/YiServer/App.js:13:8)
    at Module._compile (internal/modules/cjs/loader.js:654:30)
    at Object.Module._extensions..js (internal/modules/cjs/loader.js:665:10)
    at Module.load (internal/modules/cjs/loader.js:566:32)
    at tryModuleLoad (internal/modules/cjs/loader.js:506:12)
    at Function.Module._load (internal/modules/cjs/loader.js:498:3)
    at Module.require (internal/modules/cjs/loader.js:598:17)
    at require (internal/modules/cjs/helpers.js:11:18)
    at Object.<anonymous> (/Users/npickelny/Projects/Increase/hackaton/YiServer/server.js:4:11)
    at Module._compile (internal/modules/cjs/loader.js:654:30)
    at Object.Module._extensions..js (internal/modules/cjs/loader.js:665:10)
    at Module.load (internal/modules/cjs/loader.js:566:32)
2018-12-14T17:14:52.252Z - error: uncaughtException: HealthCheckController is not defined date=Fri Dec 14 2018 14:14:52 GMT-0300 (-03), pid=83207, uid=501, gid=20, cwd=/Users/npickelny/Projects/Increase/hackaton/YiServer, execPath=/usr/local/Cellar/node/9.11.1/bin/node, version=v9.11.1, argv=[/usr/local/Cellar/node/9.11.1/bin/node, /Users/npickelny/Projects/Increase/hackaton/YiServer/server.js], rss=41340928, heapTotal=22446080, heapUsed=16330280, external=916675, loadavg=[2.4462890625, 2.673828125, 2.47021484375], uptime=2407981
ReferenceError: HealthCheckController is not defined
    at Function.init (/Users/npickelny/Projects/Increase/hackaton/YiServer/app/routes/SQSRoutes.js:10:24)
    at _.each.filePath (/Users/npickelny/Projects/Increase/hackaton/YiServer/app/routes/Router.js:12:34)
    at arrayEach (/Users/npickelny/Projects/Increase/hackaton/YiServer/node_modules/lodash/lodash.js:516:11)
    at Function.forEach (/Users/npickelny/Projects/Increase/hackaton/YiServer/node_modules/lodash/lodash.js:9344:14)
    at Router.initializeApp (/Users/npickelny/Projects/Increase/hackaton/YiServer/app/routes/Router.js:10:7)
    at Object.<anonymous> (/Users/npickelny/Projects/Increase/hackaton/YiServer/App.js:13:8)
    at Module._compile (internal/modules/cjs/loader.js:654:30)
    at Object.Module._extensions..js (internal/modules/cjs/loader.js:665:10)
    at Module.load (internal/modules/cjs/loader.js:566:32)
    at tryModuleLoad (internal/modules/cjs/loader.js:506:12)
    at Function.Module._load (internal/modules/cjs/loader.js:498:3)
    at Module.require (internal/modules/cjs/loader.js:598:17)
    at require (internal/modules/cjs/helpers.js:11:18)
    at Object.<anonymous> (/Users/npickelny/Projects/Increase/hackaton/YiServer/server.js:4:11)
    at Module._compile (internal/modules/cjs/loader.js:654:30)
    at Object.Module._extensions..js (internal/modules/cjs/loader.js:665:10)
2018-12-14T17:15:59.990Z - error: uncaughtException: HealthCheckController is not defined date=Fri Dec 14 2018 14:15:59 GMT-0300 (-03), pid=83221, uid=501, gid=20, cwd=/Users/npickelny/Projects/Increase/hackaton/YiServer, execPath=/usr/local/Cellar/node/9.11.1/bin/node, version=v9.11.1, argv=[/usr/local/Cellar/node/9.11.1/bin/node, /Users/npickelny/Projects/Increase/hackaton/YiServer/server.js], rss=41144320, heapTotal=22446080, heapUsed=16331880, external=924867, loadavg=[2.865234375, 2.84814453125, 2.55712890625], uptime=2408048
ReferenceError: HealthCheckController is not defined
    at Function.init (/Users/npickelny/Projects/Increase/hackaton/YiServer/app/routes/SQSRoutes.js:10:24)
    at _.each.filePath (/Users/npickelny/Projects/Increase/hackaton/YiServer/app/routes/Router.js:12:34)
    at arrayEach (/Users/npickelny/Projects/Increase/hackaton/YiServer/node_modules/lodash/lodash.js:516:11)
    at Function.forEach (/Users/npickelny/Projects/Increase/hackaton/YiServer/node_modules/lodash/lodash.js:9344:14)
    at Router.initializeApp (/Users/npickelny/Projects/Increase/hackaton/YiServer/app/routes/Router.js:10:7)
    at Object.<anonymous> (/Users/npickelny/Projects/Increase/hackaton/YiServer/App.js:13:8)
    at Module._compile (internal/modules/cjs/loader.js:654:30)
    at Object.Module._extensions..js (internal/modules/cjs/loader.js:665:10)
    at Module.load (internal/modules/cjs/loader.js:566:32)
    at tryModuleLoad (internal/modules/cjs/loader.js:506:12)
    at Function.Module._load (internal/modules/cjs/loader.js:498:3)
    at Module.require (internal/modules/cjs/loader.js:598:17)
    at require (internal/modules/cjs/helpers.js:11:18)
    at Object.<anonymous> (/Users/npickelny/Projects/Increase/hackaton/YiServer/server.js:4:11)
    at Module._compile (internal/modules/cjs/loader.js:654:30)
    at Object.Module._extensions..js (internal/modules/cjs/loader.js:665:10)
2018-12-14T17:16:32.574Z - error: uncaughtException: HealthCheckController is not defined date=Fri Dec 14 2018 14:16:32 GMT-0300 (-03), pid=83232, uid=501, gid=20, cwd=/Users/npickelny/Projects/Increase/hackaton/YiServer, execPath=/usr/local/Cellar/node/9.11.1/bin/node, version=v9.11.1, argv=[/usr/local/Cellar/node/9.11.1/bin/node, /Users/npickelny/Projects/Increase/hackaton/YiServer/server.js], rss=49004544, heapTotal=35553280, heapUsed=23077376, external=468031, loadavg=[2.88623046875, 2.84765625, 2.56591796875], uptime=2408081
ReferenceError: HealthCheckController is not defined
    at Function.init (/Users/npickelny/Projects/Increase/hackaton/YiServer/app/routes/SQSRoutes.js:10:24)
    at _.each.filePath (/Users/npickelny/Projects/Increase/hackaton/YiServer/app/routes/Router.js:12:34)
    at arrayEach (/Users/npickelny/Projects/Increase/hackaton/YiServer/node_modules/lodash/lodash.js:516:11)
    at Function.forEach (/Users/npickelny/Projects/Increase/hackaton/YiServer/node_modules/lodash/lodash.js:9344:14)
    at Router.initializeApp (/Users/npickelny/Projects/Increase/hackaton/YiServer/app/routes/Router.js:10:7)
    at Object.<anonymous> (/Users/npickelny/Projects/Increase/hackaton/YiServer/App.js:13:8)
    at Module._compile (internal/modules/cjs/loader.js:654:30)
    at Object.Module._extensions..js (internal/modules/cjs/loader.js:665:10)
    at Module.load (internal/modules/cjs/loader.js:566:32)
    at tryModuleLoad (internal/modules/cjs/loader.js:506:12)
    at Function.Module._load (internal/modules/cjs/loader.js:498:3)
    at Module.require (internal/modules/cjs/loader.js:598:17)
    at require (internal/modules/cjs/helpers.js:11:18)
    at Object.<anonymous> (/Users/npickelny/Projects/Increase/hackaton/YiServer/server.js:4:11)
    at Module._compile (internal/modules/cjs/loader.js:654:30)
    at Object.Module._extensions..js (internal/modules/cjs/loader.js:665:10)
2018-12-14T17:17:58.823Z - error: uncaughtException: HealthCheckController is not defined date=Fri Dec 14 2018 14:17:58 GMT-0300 (-03), pid=83307, uid=501, gid=20, cwd=/Users/npickelny/Projects/Increase/hackaton/YiServer, execPath=/usr/local/Cellar/node/9.11.1/bin/node, version=v9.11.1, argv=[/usr/local/Cellar/node/9.11.1/bin/node, /Users/npickelny/Projects/Increase/hackaton/YiServer/server.js], rss=49033216, heapTotal=35553280, heapUsed=23036168, external=472452, loadavg=[3.29150390625, 2.9970703125, 2.64794921875], uptime=2408167
ReferenceError: HealthCheckController is not defined
    at Function.init (/Users/npickelny/Projects/Increase/hackaton/YiServer/app/routes/SQSRoutes.js:10:24)
    at _.each.filePath (/Users/npickelny/Projects/Increase/hackaton/YiServer/app/routes/Router.js:12:34)
    at arrayEach (/Users/npickelny/Projects/Increase/hackaton/YiServer/node_modules/lodash/lodash.js:516:11)
    at Function.forEach (/Users/npickelny/Projects/Increase/hackaton/YiServer/node_modules/lodash/lodash.js:9344:14)
    at Router.initializeApp (/Users/npickelny/Projects/Increase/hackaton/YiServer/app/routes/Router.js:10:7)
    at Object.<anonymous> (/Users/npickelny/Projects/Increase/hackaton/YiServer/App.js:13:8)
    at Module._compile (internal/modules/cjs/loader.js:654:30)
    at Object.Module._extensions..js (internal/modules/cjs/loader.js:665:10)
    at Module.load (internal/modules/cjs/loader.js:566:32)
    at tryModuleLoad (internal/modules/cjs/loader.js:506:12)
    at Function.Module._load (internal/modules/cjs/loader.js:498:3)
    at Module.require (internal/modules/cjs/loader.js:598:17)
    at require (internal/modules/cjs/helpers.js:11:18)
    at Object.<anonymous> (/Users/npickelny/Projects/Increase/hackaton/YiServer/server.js:4:11)
    at Module._compile (internal/modules/cjs/loader.js:654:30)
    at Object.Module._extensions..js (internal/modules/cjs/loader.js:665:10)
2018-12-14T17:18:57.994Z - error: uncaughtException: HealthCheckController is not defined date=Fri Dec 14 2018 14:18:57 GMT-0300 (-03), pid=83328, uid=501, gid=20, cwd=/Users/npickelny/Projects/Increase/hackaton/YiServer, execPath=/usr/local/Cellar/node/9.11.1/bin/node, version=v9.11.1, argv=[/usr/local/Cellar/node/9.11.1/bin/node, /Users/npickelny/Projects/Increase/hackaton/YiServer/server.js], rss=49041408, heapTotal=35553280, heapUsed=23140776, external=472452, loadavg=[3.51416015625, 3.0419921875, 2.68310546875], uptime=2408226
ReferenceError: HealthCheckController is not defined
    at Function.init (/Users/npickelny/Projects/Increase/hackaton/YiServer/app/routes/SQSRoutes.js:10:24)
    at _.each.filePath (/Users/npickelny/Projects/Increase/hackaton/YiServer/app/routes/Router.js:12:34)
    at arrayEach (/Users/npickelny/Projects/Increase/hackaton/YiServer/node_modules/lodash/lodash.js:516:11)
    at Function.forEach (/Users/npickelny/Projects/Increase/hackaton/YiServer/node_modules/lodash/lodash.js:9344:14)
    at Router.initializeApp (/Users/npickelny/Projects/Increase/hackaton/YiServer/app/routes/Router.js:10:7)
    at Object.<anonymous> (/Users/npickelny/Projects/Increase/hackaton/YiServer/App.js:13:8)
    at Module._compile (internal/modules/cjs/loader.js:654:30)
    at Object.Module._extensions..js (internal/modules/cjs/loader.js:665:10)
    at Module.load (internal/modules/cjs/loader.js:566:32)
    at tryModuleLoad (internal/modules/cjs/loader.js:506:12)
    at Function.Module._load (internal/modules/cjs/loader.js:498:3)
    at Module.require (internal/modules/cjs/loader.js:598:17)
    at require (internal/modules/cjs/helpers.js:11:18)
    at Object.<anonymous> (/Users/npickelny/Projects/Increase/hackaton/YiServer/server.js:4:11)
    at Module._compile (internal/modules/cjs/loader.js:654:30)
    at Object.Module._extensions..js (internal/modules/cjs/loader.js:665:10)
2018-12-14T17:21:32.773Z - error: uncaughtException: HealthCheckController is not defined date=Fri Dec 14 2018 14:21:32 GMT-0300 (-03), pid=83368, uid=501, gid=20, cwd=/Users/npickelny/Projects/Increase/hackaton/YiServer, execPath=/usr/local/Cellar/node/9.11.1/bin/node, version=v9.11.1, argv=[/usr/local/Cellar/node/9.11.1/bin/node, /Users/npickelny/Projects/Increase/hackaton/YiServer/server.js], rss=46399488, heapTotal=36601856, heapUsed=19622336, external=57776, loadavg=[1.89404296875, 2.41064453125, 2.470703125], uptime=2408381
ReferenceError: HealthCheckController is not defined
    at Function.init (/Users/npickelny/Projects/Increase/hackaton/YiServer/app/routes/SQSRoutes.js:10:24)
    at _.each.filePath (/Users/npickelny/Projects/Increase/hackaton/YiServer/app/routes/Router.js:12:34)
    at arrayEach (/Users/npickelny/Projects/Increase/hackaton/YiServer/node_modules/lodash/lodash.js:516:11)
    at Function.forEach (/Users/npickelny/Projects/Increase/hackaton/YiServer/node_modules/lodash/lodash.js:9344:14)
    at Router.initializeApp (/Users/npickelny/Projects/Increase/hackaton/YiServer/app/routes/Router.js:10:7)
    at Object.<anonymous> (/Users/npickelny/Projects/Increase/hackaton/YiServer/App.js:14:8)
    at Module._compile (internal/modules/cjs/loader.js:654:30)
    at Object.Module._extensions..js (internal/modules/cjs/loader.js:665:10)
    at Module.load (internal/modules/cjs/loader.js:566:32)
    at tryModuleLoad (internal/modules/cjs/loader.js:506:12)
    at Function.Module._load (internal/modules/cjs/loader.js:498:3)
    at Module.require (internal/modules/cjs/loader.js:598:17)
    at require (internal/modules/cjs/helpers.js:11:18)
    at Object.<anonymous> (/Users/npickelny/Projects/Increase/hackaton/YiServer/server.js:4:11)
    at Module._compile (internal/modules/cjs/loader.js:654:30)
    at Object.Module._extensions..js (internal/modules/cjs/loader.js:665:10)
2018-12-14T17:22:54.038Z - error: uncaughtException: HealthCheckController is not defined date=Fri Dec 14 2018 14:22:54 GMT-0300 (-03), pid=83383, uid=501, gid=20, cwd=/Users/npickelny/Projects/Increase/hackaton/YiServer, execPath=/usr/local/Cellar/node/9.11.1/bin/node, version=v9.11.1, argv=[/usr/local/Cellar/node/9.11.1/bin/node, /Users/npickelny/Projects/Increase/hackaton/YiServer/server.js], rss=46526464, heapTotal=35553280, heapUsed=19583688, external=259923, loadavg=[2.04443359375, 2.3857421875, 2.45703125], uptime=2408463
ReferenceError: HealthCheckController is not defined
    at Function.init (/Users/npickelny/Projects/Increase/hackaton/YiServer/app/routes/SQSRoutes.js:10:24)
    at _.each.filePath (/Users/npickelny/Projects/Increase/hackaton/YiServer/app/routes/Router.js:12:34)
    at arrayEach (/Users/npickelny/Projects/Increase/hackaton/YiServer/node_modules/lodash/lodash.js:516:11)
    at Function.forEach (/Users/npickelny/Projects/Increase/hackaton/YiServer/node_modules/lodash/lodash.js:9344:14)
    at Router.initializeApp (/Users/npickelny/Projects/Increase/hackaton/YiServer/app/routes/Router.js:10:7)
    at Object.<anonymous> (/Users/npickelny/Projects/Increase/hackaton/YiServer/App.js:14:8)
    at Module._compile (internal/modules/cjs/loader.js:654:30)
    at Object.Module._extensions..js (internal/modules/cjs/loader.js:665:10)
    at Module.load (internal/modules/cjs/loader.js:566:32)
    at tryModuleLoad (internal/modules/cjs/loader.js:506:12)
    at Function.Module._load (internal/modules/cjs/loader.js:498:3)
    at Module.require (internal/modules/cjs/loader.js:598:17)
    at require (internal/modules/cjs/helpers.js:11:18)
    at Object.<anonymous> (/Users/npickelny/Projects/Increase/hackaton/YiServer/server.js:4:11)
    at Module._compile (internal/modules/cjs/loader.js:654:30)
    at Object.Module._extensions..js (internal/modules/cjs/loader.js:665:10)
2018-12-14T17:25:39.424Z - error: uncaughtException: HealthCheckController is not defined date=Fri Dec 14 2018 14:25:39 GMT-0300 (-03), pid=83417, uid=501, gid=20, cwd=/Users/npickelny/Projects/Increase/hackaton/YiServer, execPath=/usr/local/Cellar/node/9.11.1/bin/node, version=v9.11.1, argv=[/usr/local/Cellar/node/9.11.1/bin/node, /Users/npickelny/Projects/Increase/hackaton/YiServer/server.js], rss=47030272, heapTotal=35028992, heapUsed=21484456, external=1002353, loadavg=[2.3037109375, 2.27978515625, 2.39208984375], uptime=2408628
ReferenceError: HealthCheckController is not defined
    at Function.init (/Users/npickelny/Projects/Increase/hackaton/YiServer/app/routes/SQSRoutes.js:10:24)
    at _.each.filePath (/Users/npickelny/Projects/Increase/hackaton/YiServer/app/routes/Router.js:12:34)
    at arrayEach (/Users/npickelny/Projects/Increase/hackaton/YiServer/node_modules/lodash/lodash.js:516:11)
    at Function.forEach (/Users/npickelny/Projects/Increase/hackaton/YiServer/node_modules/lodash/lodash.js:9344:14)
    at Router.initializeApp (/Users/npickelny/Projects/Increase/hackaton/YiServer/app/routes/Router.js:10:7)
    at Object.<anonymous> (/Users/npickelny/Projects/Increase/hackaton/YiServer/App.js:14:8)
    at Module._compile (internal/modules/cjs/loader.js:654:30)
    at Object.Module._extensions..js (internal/modules/cjs/loader.js:665:10)
    at Module.load (internal/modules/cjs/loader.js:566:32)
    at tryModuleLoad (internal/modules/cjs/loader.js:506:12)
    at Function.Module._load (internal/modules/cjs/loader.js:498:3)
    at Module.require (internal/modules/cjs/loader.js:598:17)
    at require (internal/modules/cjs/helpers.js:11:18)
    at Object.<anonymous> (/Users/npickelny/Projects/Increase/hackaton/YiServer/server.js:4:11)
    at Module._compile (internal/modules/cjs/loader.js:654:30)
    at Object.Module._extensions..js (internal/modules/cjs/loader.js:665:10)
2018-12-14T17:26:51.471Z - error: uncaughtException: HealthCheckController is not defined date=Fri Dec 14 2018 14:26:51 GMT-0300 (-03), pid=83433, uid=501, gid=20, cwd=/Users/npickelny/Projects/Increase/hackaton/YiServer, execPath=/usr/local/Cellar/node/9.11.1/bin/node, version=v9.11.1, argv=[/usr/local/Cellar/node/9.11.1/bin/node, /Users/npickelny/Projects/Increase/hackaton/YiServer/server.js], rss=48840704, heapTotal=35553280, heapUsed=22949504, external=455471, loadavg=[2.26416015625, 2.2861328125, 2.38427734375], uptime=2408700
ReferenceError: HealthCheckController is not defined
    at Function.init (/Users/npickelny/Projects/Increase/hackaton/YiServer/app/routes/SQSRoutes.js:10:24)
    at _.each.filePath (/Users/npickelny/Projects/Increase/hackaton/YiServer/app/routes/Router.js:12:34)
    at arrayEach (/Users/npickelny/Projects/Increase/hackaton/YiServer/node_modules/lodash/lodash.js:516:11)
    at Function.forEach (/Users/npickelny/Projects/Increase/hackaton/YiServer/node_modules/lodash/lodash.js:9344:14)
    at Router.initializeApp (/Users/npickelny/Projects/Increase/hackaton/YiServer/app/routes/Router.js:10:7)
    at Object.<anonymous> (/Users/npickelny/Projects/Increase/hackaton/YiServer/App.js:13:8)
    at Module._compile (internal/modules/cjs/loader.js:654:30)
    at Object.Module._extensions..js (internal/modules/cjs/loader.js:665:10)
    at Module.load (internal/modules/cjs/loader.js:566:32)
    at tryModuleLoad (internal/modules/cjs/loader.js:506:12)
    at Function.Module._load (internal/modules/cjs/loader.js:498:3)
    at Module.require (internal/modules/cjs/loader.js:598:17)
    at require (internal/modules/cjs/helpers.js:11:18)
    at Object.<anonymous> (/Users/npickelny/Projects/Increase/hackaton/YiServer/server.js:4:11)
    at Module._compile (internal/modules/cjs/loader.js:654:30)
    at Object.Module._extensions..js (internal/modules/cjs/loader.js:665:10)
2018-12-14T17:27:25.991Z - error: uncaughtException: HealthCheckController is not defined date=Fri Dec 14 2018 14:27:25 GMT-0300 (-03), pid=83440, uid=501, gid=20, cwd=/Users/npickelny/Projects/Increase/hackaton/YiServer, execPath=/usr/local/Cellar/node/9.11.1/bin/node, version=v9.11.1, argv=[/usr/local/Cellar/node/9.11.1/bin/node, /Users/npickelny/Projects/Increase/hackaton/YiServer/server.js], rss=49033216, heapTotal=35553280, heapUsed=23090520, external=472452, loadavg=[1.94970703125, 2.2060546875, 2.349609375], uptime=2408734
ReferenceError: HealthCheckController is not defined
    at Function.init (/Users/npickelny/Projects/Increase/hackaton/YiServer/app/routes/SQSRoutes.js:10:24)
    at _.each.filePath (/Users/npickelny/Projects/Increase/hackaton/YiServer/app/routes/Router.js:12:34)
    at arrayEach (/Users/npickelny/Projects/Increase/hackaton/YiServer/node_modules/lodash/lodash.js:516:11)
    at Function.forEach (/Users/npickelny/Projects/Increase/hackaton/YiServer/node_modules/lodash/lodash.js:9344:14)
    at Router.initializeApp (/Users/npickelny/Projects/Increase/hackaton/YiServer/app/routes/Router.js:10:7)
    at Object.<anonymous> (/Users/npickelny/Projects/Increase/hackaton/YiServer/App.js:13:8)
    at Module._compile (internal/modules/cjs/loader.js:654:30)
    at Object.Module._extensions..js (internal/modules/cjs/loader.js:665:10)
    at Module.load (internal/modules/cjs/loader.js:566:32)
    at tryModuleLoad (internal/modules/cjs/loader.js:506:12)
    at Function.Module._load (internal/modules/cjs/loader.js:498:3)
    at Module.require (internal/modules/cjs/loader.js:598:17)
    at require (internal/modules/cjs/helpers.js:11:18)
    at Object.<anonymous> (/Users/npickelny/Projects/Increase/hackaton/YiServer/server.js:4:11)
    at Module._compile (internal/modules/cjs/loader.js:654:30)
    at Object.Module._extensions..js (internal/modules/cjs/loader.js:665:10)
2018-12-14T17:28:14.236Z - error: uncaughtException: HealthCheckController is not defined date=Fri Dec 14 2018 14:28:14 GMT-0300 (-03), pid=83449, uid=501, gid=20, cwd=/Users/npickelny/Projects/Increase/hackaton/YiServer, execPath=/usr/local/Cellar/node/9.11.1/bin/node, version=v9.11.1, argv=[/usr/local/Cellar/node/9.11.1/bin/node, /Users/npickelny/Projects/Increase/hackaton/YiServer/server.js], rss=49008640, heapTotal=35553280, heapUsed=22957848, external=455471, loadavg=[2.03857421875, 2.20361328125, 2.33935546875], uptime=2408783
ReferenceError: HealthCheckController is not defined
    at Function.init (/Users/npickelny/Projects/Increase/hackaton/YiServer/app/routes/SQSRoutes.js:10:24)
    at _.each.filePath (/Users/npickelny/Projects/Increase/hackaton/YiServer/app/routes/Router.js:12:34)
    at arrayEach (/Users/npickelny/Projects/Increase/hackaton/YiServer/node_modules/lodash/lodash.js:516:11)
    at Function.forEach (/Users/npickelny/Projects/Increase/hackaton/YiServer/node_modules/lodash/lodash.js:9344:14)
    at Router.initializeApp (/Users/npickelny/Projects/Increase/hackaton/YiServer/app/routes/Router.js:10:7)
    at Object.<anonymous> (/Users/npickelny/Projects/Increase/hackaton/YiServer/App.js:13:8)
    at Module._compile (internal/modules/cjs/loader.js:654:30)
    at Object.Module._extensions..js (internal/modules/cjs/loader.js:665:10)
    at Module.load (internal/modules/cjs/loader.js:566:32)
    at tryModuleLoad (internal/modules/cjs/loader.js:506:12)
    at Function.Module._load (internal/modules/cjs/loader.js:498:3)
    at Module.require (internal/modules/cjs/loader.js:598:17)
    at require (internal/modules/cjs/helpers.js:11:18)
    at Object.<anonymous> (/Users/npickelny/Projects/Increase/hackaton/YiServer/server.js:4:11)
    at Module._compile (internal/modules/cjs/loader.js:654:30)
    at Object.Module._extensions..js (internal/modules/cjs/loader.js:665:10)
2018-12-14T17:32:19.797Z - error: uncaughtException: HealthCheckController is not defined date=Fri Dec 14 2018 14:32:19 GMT-0300 (-03), pid=83499, uid=501, gid=20, cwd=/Users/npickelny/Projects/Increase/hackaton/YiServer, execPath=/usr/local/Cellar/node/9.11.1/bin/node, version=v9.11.1, argv=[/usr/local/Cellar/node/9.11.1/bin/node, /Users/npickelny/Projects/Increase/hackaton/YiServer/server.js], rss=47919104, heapTotal=35028992, heapUsed=22804024, external=490518, loadavg=[2.47412109375, 2.26025390625, 2.31982421875], uptime=2409028
ReferenceError: HealthCheckController is not defined
    at Function.init (/Users/npickelny/Projects/Increase/hackaton/YiServer/app/routes/SQSRoutes.js:10:24)
    at _.each.filePath (/Users/npickelny/Projects/Increase/hackaton/YiServer/app/routes/Router.js:12:34)
    at arrayEach (/Users/npickelny/Projects/Increase/hackaton/YiServer/node_modules/lodash/lodash.js:516:11)
    at Function.forEach (/Users/npickelny/Projects/Increase/hackaton/YiServer/node_modules/lodash/lodash.js:9344:14)
    at Router.initializeApp (/Users/npickelny/Projects/Increase/hackaton/YiServer/app/routes/Router.js:10:7)
    at Object.<anonymous> (/Users/npickelny/Projects/Increase/hackaton/YiServer/App.js:14:8)
    at Module._compile (internal/modules/cjs/loader.js:654:30)
    at Object.Module._extensions..js (internal/modules/cjs/loader.js:665:10)
    at Module.load (internal/modules/cjs/loader.js:566:32)
    at tryModuleLoad (internal/modules/cjs/loader.js:506:12)
    at Function.Module._load (internal/modules/cjs/loader.js:498:3)
    at Module.require (internal/modules/cjs/loader.js:598:17)
    at require (internal/modules/cjs/helpers.js:11:18)
    at Object.<anonymous> (/Users/npickelny/Projects/Increase/hackaton/YiServer/server.js:4:11)
    at Module._compile (internal/modules/cjs/loader.js:654:30)
    at Object.Module._extensions..js (internal/modules/cjs/loader.js:665:10)
2018-12-14T17:47:56.464Z - error: uncaughtException: requier is not defined date=Fri Dec 14 2018 14:47:56 GMT-0300 (-03), pid=83740, uid=501, gid=20, cwd=/Users/npickelny/Projects/Increase/hackaton/YiServer, execPath=/usr/local/Cellar/node/9.11.1/bin/node, version=v9.11.1, argv=[/usr/local/Cellar/node/9.11.1/bin/node, /Users/npickelny/Projects/Increase/hackaton/YiServer/server.js], rss=44728320, heapTotal=34504704, heapUsed=20434320, external=240351, loadavg=[2.0859375, 2.08740234375, 2.13818359375], uptime=2409965
ReferenceError: requier is not defined
    at Object.<anonymous> (/Users/npickelny/Projects/Increase/hackaton/YiServer/App.js:8:18)
    at Module._compile (internal/modules/cjs/loader.js:654:30)
    at Object.Module._extensions..js (internal/modules/cjs/loader.js:665:10)
    at Module.load (internal/modules/cjs/loader.js:566:32)
    at tryModuleLoad (internal/modules/cjs/loader.js:506:12)
    at Function.Module._load (internal/modules/cjs/loader.js:498:3)
    at Module.require (internal/modules/cjs/loader.js:598:17)
    at require (internal/modules/cjs/helpers.js:11:18)
    at Object.<anonymous> (/Users/npickelny/Projects/Increase/hackaton/YiServer/server.js:4:11)
    at Module._compile (internal/modules/cjs/loader.js:654:30)
    at Object.Module._extensions..js (internal/modules/cjs/loader.js:665:10)
    at Module.load (internal/modules/cjs/loader.js:566:32)
    at tryModuleLoad (internal/modules/cjs/loader.js:506:12)
    at Function.Module._load (internal/modules/cjs/loader.js:498:3)
    at Function.Module.runMain (internal/modules/cjs/loader.js:695:10)
    at startup (internal/bootstrap/node.js:201:19)
2018-12-14T18:22:57.141Z - error: uncaughtException: AWSInitializer is not defined date=Fri Dec 14 2018 15:22:57 GMT-0300 (-03), pid=83788, uid=501, gid=20, cwd=/Users/npickelny/Projects/Increase/hackaton/YiServer, execPath=/usr/local/Cellar/node/9.11.1/bin/node, version=v9.11.1, argv=[/usr/local/Cellar/node/9.11.1/bin/node, /Users/npickelny/Projects/Increase/hackaton/YiServer/server.js], rss=48283648, heapTotal=35028992, heapUsed=22969320, external=498710, loadavg=[2.087890625, 2.177734375, 2.16259765625], uptime=2412066
ReferenceError: AWSInitializer is not defined
    at Object.<anonymous> (/Users/npickelny/Projects/Increase/hackaton/YiServer/App.js:18:3)
    at Module._compile (internal/modules/cjs/loader.js:654:30)
    at Object.Module._extensions..js (internal/modules/cjs/loader.js:665:10)
    at Module.load (internal/modules/cjs/loader.js:566:32)
    at tryModuleLoad (internal/modules/cjs/loader.js:506:12)
    at Function.Module._load (internal/modules/cjs/loader.js:498:3)
    at Module.require (internal/modules/cjs/loader.js:598:17)
    at require (internal/modules/cjs/helpers.js:11:18)
    at Object.<anonymous> (/Users/npickelny/Projects/Increase/hackaton/YiServer/server.js:4:11)
    at Module._compile (internal/modules/cjs/loader.js:654:30)
    at Object.Module._extensions..js (internal/modules/cjs/loader.js:665:10)
    at Module.load (internal/modules/cjs/loader.js:566:32)
    at tryModuleLoad (internal/modules/cjs/loader.js:506:12)
    at Function.Module._load (internal/modules/cjs/loader.js:498:3)
    at Function.Module.runMain (internal/modules/cjs/loader.js:695:10)
    at startup (internal/bootstrap/node.js:201:19)
2018-12-14T18:25:33.526Z - error: uncaughtException: All is not defined date=Fri Dec 14 2018 15:25:33 GMT-0300 (-03), pid=83820, uid=501, gid=20, cwd=/Users/npickelny/Projects/Increase/hackaton/YiServer, execPath=/usr/local/Cellar/node/9.11.1/bin/node, version=v9.11.1, argv=[/usr/local/Cellar/node/9.11.1/bin/node, /Users/npickelny/Projects/Increase/hackaton/YiServer/server.js], rss=44765184, heapTotal=33980416, heapUsed=20428144, external=240351, loadavg=[1.64208984375, 1.943359375, 2.064453125], uptime=2412222
ReferenceError: All is not defined
    at Object.<anonymous> (/Users/npickelny/Projects/Increase/hackaton/YiServer/app/services/SQSService.js:29:5)
    at Module._compile (internal/modules/cjs/loader.js:654:30)
    at Object.Module._extensions..js (internal/modules/cjs/loader.js:665:10)
    at Module.load (internal/modules/cjs/loader.js:566:32)
    at tryModuleLoad (internal/modules/cjs/loader.js:506:12)
    at Function.Module._load (internal/modules/cjs/loader.js:498:3)
    at Module.require (internal/modules/cjs/loader.js:598:17)
    at require (internal/modules/cjs/helpers.js:11:18)
    at Object.<anonymous> (/Users/npickelny/Projects/Increase/hackaton/YiServer/App.js:7:18)
    at Module._compile (internal/modules/cjs/loader.js:654:30)
    at Object.Module._extensions..js (internal/modules/cjs/loader.js:665:10)
    at Module.load (internal/modules/cjs/loader.js:566:32)
    at tryModuleLoad (internal/modules/cjs/loader.js:506:12)
    at Function.Module._load (internal/modules/cjs/loader.js:498:3)
    at Module.require (internal/modules/cjs/loader.js:598:17)
    at require (internal/modules/cjs/helpers.js:11:18)
2018-12-14T18:26:21.043Z - error: uncaughtException: AWSInitializer is not defined date=Fri Dec 14 2018 15:26:21 GMT-0300 (-03), pid=83828, uid=501, gid=20, cwd=/Users/npickelny/Projects/Increase/hackaton/YiServer, execPath=/usr/local/Cellar/node/9.11.1/bin/node, version=v9.11.1, argv=[/usr/local/Cellar/node/9.11.1/bin/node, /Users/npickelny/Projects/Increase/hackaton/YiServer/server.js], rss=48316416, heapTotal=35028992, heapUsed=22979056, external=498710, loadavg=[1.7431640625, 1.9189453125, 2.04833984375], uptime=2412270
ReferenceError: AWSInitializer is not defined
    at Object.<anonymous> (/Users/npickelny/Projects/Increase/hackaton/YiServer/App.js:18:3)
    at Module._compile (internal/modules/cjs/loader.js:654:30)
    at Object.Module._extensions..js (internal/modules/cjs/loader.js:665:10)
    at Module.load (internal/modules/cjs/loader.js:566:32)
    at tryModuleLoad (internal/modules/cjs/loader.js:506:12)
    at Function.Module._load (internal/modules/cjs/loader.js:498:3)
    at Module.require (internal/modules/cjs/loader.js:598:17)
    at require (internal/modules/cjs/helpers.js:11:18)
    at Object.<anonymous> (/Users/npickelny/Projects/Increase/hackaton/YiServer/server.js:4:11)
    at Module._compile (internal/modules/cjs/loader.js:654:30)
    at Object.Module._extensions..js (internal/modules/cjs/loader.js:665:10)
    at Module.load (internal/modules/cjs/loader.js:566:32)
    at tryModuleLoad (internal/modules/cjs/loader.js:506:12)
    at Function.Module._load (internal/modules/cjs/loader.js:498:3)
    at Function.Module.runMain (internal/modules/cjs/loader.js:695:10)
    at startup (internal/bootstrap/node.js:201:19)
2018-12-14T18:27:33.686Z - error: uncaughtException: Cannot read property 'lala' of undefined date=Fri Dec 14 2018 15:27:33 GMT-0300 (-03), pid=83851, uid=501, gid=20, cwd=/Users/npickelny/Projects/Increase/hackaton/YiServer, execPath=/usr/local/Cellar/node/9.11.1/bin/node, version=v9.11.1, argv=[/usr/local/Cellar/node/9.11.1/bin/node, /Users/npickelny/Projects/Increase/hackaton/YiServer/server.js], rss=48361472, heapTotal=35028992, heapUsed=22812664, external=490518, loadavg=[1.65771484375, 1.8466796875, 2.005859375], uptime=2412342
TypeError: Cannot read property 'lala' of undefined
    at Object.<anonymous> (/Users/npickelny/Projects/Increase/hackaton/YiServer/App.js:18:18)
    at Module._compile (internal/modules/cjs/loader.js:654:30)
    at Object.Module._extensions..js (internal/modules/cjs/loader.js:665:10)
    at Module.load (internal/modules/cjs/loader.js:566:32)
    at tryModuleLoad (internal/modules/cjs/loader.js:506:12)
    at Function.Module._load (internal/modules/cjs/loader.js:498:3)
    at Module.require (internal/modules/cjs/loader.js:598:17)
    at require (internal/modules/cjs/helpers.js:11:18)
    at Object.<anonymous> (/Users/npickelny/Projects/Increase/hackaton/YiServer/server.js:4:11)
    at Module._compile (internal/modules/cjs/loader.js:654:30)
    at Object.Module._extensions..js (internal/modules/cjs/loader.js:665:10)
    at Module.load (internal/modules/cjs/loader.js:566:32)
    at tryModuleLoad (internal/modules/cjs/loader.js:506:12)
    at Function.Module._load (internal/modules/cjs/loader.js:498:3)
    at Function.Module.runMain (internal/modules/cjs/loader.js:695:10)
    at startup (internal/bootstrap/node.js:201:19)
2018-12-14T18:27:45.420Z - error: uncaughtException: SQSService.lala is not a function date=Fri Dec 14 2018 15:27:45 GMT-0300 (-03), pid=83854, uid=501, gid=20, cwd=/Users/npickelny/Projects/Increase/hackaton/YiServer, execPath=/usr/local/Cellar/node/9.11.1/bin/node, version=v9.11.1, argv=[/usr/local/Cellar/node/9.11.1/bin/node, /Users/npickelny/Projects/Increase/hackaton/YiServer/server.js], rss=48414720, heapTotal=35028992, heapUsed=22811488, external=472239, loadavg=[1.86376953125, 1.88427734375, 2.0166015625], uptime=2412354
TypeError: SQSService.lala is not a function
    at Object.<anonymous> (/Users/npickelny/Projects/Increase/hackaton/YiServer/App.js:18:14)
    at Module._compile (internal/modules/cjs/loader.js:654:30)
    at Object.Module._extensions..js (internal/modules/cjs/loader.js:665:10)
    at Module.load (internal/modules/cjs/loader.js:566:32)
    at tryModuleLoad (internal/modules/cjs/loader.js:506:12)
    at Function.Module._load (internal/modules/cjs/loader.js:498:3)
    at Module.require (internal/modules/cjs/loader.js:598:17)
    at require (internal/modules/cjs/helpers.js:11:18)
    at Object.<anonymous> (/Users/npickelny/Projects/Increase/hackaton/YiServer/server.js:4:11)
    at Module._compile (internal/modules/cjs/loader.js:654:30)
    at Object.Module._extensions..js (internal/modules/cjs/loader.js:665:10)
    at Module.load (internal/modules/cjs/loader.js:566:32)
    at tryModuleLoad (internal/modules/cjs/loader.js:506:12)
    at Function.Module._load (internal/modules/cjs/loader.js:498:3)
    at Function.Module.runMain (internal/modules/cjs/loader.js:695:10)
    at startup (internal/bootstrap/node.js:201:19)
2018-12-14T18:30:34.086Z - error: uncaughtException: Cannot read property 'lala' of undefined date=Fri Dec 14 2018 15:30:34 GMT-0300 (-03), pid=83892, uid=501, gid=20, cwd=/Users/npickelny/Projects/Increase/hackaton/YiServer, execPath=/usr/local/Cellar/node/9.11.1/bin/node, version=v9.11.1, argv=[/usr/local/Cellar/node/9.11.1/bin/node, /Users/npickelny/Projects/Increase/hackaton/YiServer/server.js], rss=48455680, heapTotal=35028992, heapUsed=22991056, external=498710, loadavg=[1.80126953125, 1.82958984375, 1.96533203125], uptime=2412523
TypeError: Cannot read property 'lala' of undefined
    at Object.<anonymous> (/Users/npickelny/Projects/Increase/hackaton/YiServer/App.js:18:18)
    at Module._compile (internal/modules/cjs/loader.js:654:30)
    at Object.Module._extensions..js (internal/modules/cjs/loader.js:665:10)
    at Module.load (internal/modules/cjs/loader.js:566:32)
    at tryModuleLoad (internal/modules/cjs/loader.js:506:12)
    at Function.Module._load (internal/modules/cjs/loader.js:498:3)
    at Module.require (internal/modules/cjs/loader.js:598:17)
    at require (internal/modules/cjs/helpers.js:11:18)
    at Object.<anonymous> (/Users/npickelny/Projects/Increase/hackaton/YiServer/server.js:4:11)
    at Module._compile (internal/modules/cjs/loader.js:654:30)
    at Object.Module._extensions..js (internal/modules/cjs/loader.js:665:10)
    at Module.load (internal/modules/cjs/loader.js:566:32)
    at tryModuleLoad (internal/modules/cjs/loader.js:506:12)
    at Function.Module._load (internal/modules/cjs/loader.js:498:3)
    at Function.Module.runMain (internal/modules/cjs/loader.js:695:10)
    at startup (internal/bootstrap/node.js:201:19)
2018-12-14T18:32:04.678Z - error: uncaughtException: SQSService.lala is not a constructor date=Fri Dec 14 2018 15:32:04 GMT-0300 (-03), pid=83917, uid=501, gid=20, cwd=/Users/npickelny/Projects/Increase/hackaton/YiServer, execPath=/usr/local/Cellar/node/9.11.1/bin/node, version=v9.11.1, argv=[/usr/local/Cellar/node/9.11.1/bin/node, /Users/npickelny/Projects/Increase/hackaton/YiServer/server.js], rss=48398336, heapTotal=35028992, heapUsed=23039856, external=506902, loadavg=[2.021484375, 1.86279296875, 1.95947265625], uptime=2412613
TypeError: SQSService.lala is not a constructor
    at Object.<anonymous> (/Users/npickelny/Projects/Increase/hackaton/YiServer/App.js:18:2)
    at Module._compile (internal/modules/cjs/loader.js:654:30)
    at Object.Module._extensions..js (internal/modules/cjs/loader.js:665:10)
    at Module.load (internal/modules/cjs/loader.js:566:32)
    at tryModuleLoad (internal/modules/cjs/loader.js:506:12)
    at Function.Module._load (internal/modules/cjs/loader.js:498:3)
    at Module.require (internal/modules/cjs/loader.js:598:17)
    at require (internal/modules/cjs/helpers.js:11:18)
    at Object.<anonymous> (/Users/npickelny/Projects/Increase/hackaton/YiServer/server.js:4:11)
    at Module._compile (internal/modules/cjs/loader.js:654:30)
    at Object.Module._extensions..js (internal/modules/cjs/loader.js:665:10)
    at Module.load (internal/modules/cjs/loader.js:566:32)
    at tryModuleLoad (internal/modules/cjs/loader.js:506:12)
    at Function.Module._load (internal/modules/cjs/loader.js:498:3)
    at Function.Module.runMain (internal/modules/cjs/loader.js:695:10)
    at startup (internal/bootstrap/node.js:201:19)
2018-12-14T18:37:35.937Z - error: uncaughtException: myAws.SQS is not a constructor date=Fri Dec 14 2018 15:37:35 GMT-0300 (-03), pid=83986, uid=501, gid=20, cwd=/Users/npickelny/Projects/Increase/hackaton/YiServer, execPath=/usr/local/Cellar/node/9.11.1/bin/node, version=v9.11.1, argv=[/usr/local/Cellar/node/9.11.1/bin/node, /Users/npickelny/Projects/Increase/hackaton/YiServer/server.js], rss=48140288, heapTotal=35028992, heapUsed=22838352, external=498710, loadavg=[1.783203125, 1.86767578125, 1.92431640625], uptime=2412944
TypeError: myAws.SQS is not a constructor
    at SQSService.lala (/Users/npickelny/Projects/Increase/hackaton/YiServer/app/services/SQSService.js:13:15)
    at Object.<anonymous> (/Users/npickelny/Projects/Increase/hackaton/YiServer/App.js:18:19)
    at Module._compile (internal/modules/cjs/loader.js:654:30)
    at Object.Module._extensions..js (internal/modules/cjs/loader.js:665:10)
    at Module.load (internal/modules/cjs/loader.js:566:32)
    at tryModuleLoad (internal/modules/cjs/loader.js:506:12)
    at Function.Module._load (internal/modules/cjs/loader.js:498:3)
    at Module.require (internal/modules/cjs/loader.js:598:17)
    at require (internal/modules/cjs/helpers.js:11:18)
    at Object.<anonymous> (/Users/npickelny/Projects/Increase/hackaton/YiServer/server.js:4:11)
    at Module._compile (internal/modules/cjs/loader.js:654:30)
    at Object.Module._extensions..js (internal/modules/cjs/loader.js:665:10)
    at Module.load (internal/modules/cjs/loader.js:566:32)
    at tryModuleLoad (internal/modules/cjs/loader.js:506:12)
    at Function.Module._load (internal/modules/cjs/loader.js:498:3)
    at Function.Module.runMain (internal/modules/cjs/loader.js:695:10)
2018-12-14T18:37:55.020Z - error: uncaughtException: myAws.SQS is not a constructor date=Fri Dec 14 2018 15:37:55 GMT-0300 (-03), pid=83990, uid=501, gid=20, cwd=/Users/npickelny/Projects/Increase/hackaton/YiServer, execPath=/usr/local/Cellar/node/9.11.1/bin/node, version=v9.11.1, argv=[/usr/local/Cellar/node/9.11.1/bin/node, /Users/npickelny/Projects/Increase/hackaton/YiServer/server.js], rss=48336896, heapTotal=35028992, heapUsed=23022352, external=498710, loadavg=[1.6025390625, 1.82373046875, 1.90673828125], uptime=2412964
TypeError: myAws.SQS is not a constructor
    at SQSService.lala (/Users/npickelny/Projects/Increase/hackaton/YiServer/app/services/SQSService.js:13:15)
    at Object.<anonymous> (/Users/npickelny/Projects/Increase/hackaton/YiServer/App.js:18:19)
    at Module._compile (internal/modules/cjs/loader.js:654:30)
    at Object.Module._extensions..js (internal/modules/cjs/loader.js:665:10)
    at Module.load (internal/modules/cjs/loader.js:566:32)
    at tryModuleLoad (internal/modules/cjs/loader.js:506:12)
    at Function.Module._load (internal/modules/cjs/loader.js:498:3)
    at Module.require (internal/modules/cjs/loader.js:598:17)
    at require (internal/modules/cjs/helpers.js:11:18)
    at Object.<anonymous> (/Users/npickelny/Projects/Increase/hackaton/YiServer/server.js:4:11)
    at Module._compile (internal/modules/cjs/loader.js:654:30)
    at Object.Module._extensions..js (internal/modules/cjs/loader.js:665:10)
    at Module.load (internal/modules/cjs/loader.js:566:32)
    at tryModuleLoad (internal/modules/cjs/loader.js:506:12)
    at Function.Module._load (internal/modules/cjs/loader.js:498:3)
    at Function.Module.runMain (internal/modules/cjs/loader.js:695:10)
2018-12-14T18:37:59.389Z - error: uncaughtException: myAws.SQS is not a constructor date=Fri Dec 14 2018 15:37:59 GMT-0300 (-03), pid=84001, uid=501, gid=20, cwd=/Users/npickelny/Projects/Increase/hackaton/YiServer, execPath=/usr/local/Cellar/node/9.11.1/bin/node, version=v9.11.1, argv=[/usr/local/Cellar/node/9.11.1/bin/node, /Users/npickelny/Projects/Increase/hackaton/YiServer/server.js], rss=48406528, heapTotal=35028992, heapUsed=23016040, external=498710, loadavg=[1.63427734375, 1.826171875, 1.9072265625], uptime=2412968
TypeError: myAws.SQS is not a constructor
    at SQSService.lala (/Users/npickelny/Projects/Increase/hackaton/YiServer/app/services/SQSService.js:13:15)
    at Object.<anonymous> (/Users/npickelny/Projects/Increase/hackaton/YiServer/App.js:18:19)
    at Module._compile (internal/modules/cjs/loader.js:654:30)
    at Object.Module._extensions..js (internal/modules/cjs/loader.js:665:10)
    at Module.load (internal/modules/cjs/loader.js:566:32)
    at tryModuleLoad (internal/modules/cjs/loader.js:506:12)
    at Function.Module._load (internal/modules/cjs/loader.js:498:3)
    at Module.require (internal/modules/cjs/loader.js:598:17)
    at require (internal/modules/cjs/helpers.js:11:18)
    at Object.<anonymous> (/Users/npickelny/Projects/Increase/hackaton/YiServer/server.js:4:11)
    at Module._compile (internal/modules/cjs/loader.js:654:30)
    at Object.Module._extensions..js (internal/modules/cjs/loader.js:665:10)
    at Module.load (internal/modules/cjs/loader.js:566:32)
    at tryModuleLoad (internal/modules/cjs/loader.js:506:12)
    at Function.Module._load (internal/modules/cjs/loader.js:498:3)
    at Function.Module.runMain (internal/modules/cjs/loader.js:695:10)
